09-Mar-2018 10:25:37.448 INFORMAZIONI [main] org.apache.catalina.startup.VersionLoggerListener.log Server version:        Apache Tomcat/8.5.24
09-Mar-2018 10:25:37.469 INFORMAZIONI [main] org.apache.catalina.startup.VersionLoggerListener.log Server built:          Nov 27 2017 13:05:30 UTC
09-Mar-2018 10:25:37.472 INFORMAZIONI [main] org.apache.catalina.startup.VersionLoggerListener.log Server number:         8.5.24.0
09-Mar-2018 10:25:37.473 INFORMAZIONI [main] org.apache.catalina.startup.VersionLoggerListener.log OS Name:               Windows 10
09-Mar-2018 10:25:37.473 INFORMAZIONI [main] org.apache.catalina.startup.VersionLoggerListener.log OS Version:            10.0
09-Mar-2018 10:25:37.473 INFORMAZIONI [main] org.apache.catalina.startup.VersionLoggerListener.log Architecture:          amd64
09-Mar-2018 10:25:37.474 INFORMAZIONI [main] org.apache.catalina.startup.VersionLoggerListener.log Java Home:             C:\Program Files\Java\jdk1.8.0_144\jre
09-Mar-2018 10:25:37.474 INFORMAZIONI [main] org.apache.catalina.startup.VersionLoggerListener.log JVM Version:           1.8.0_144-b01
09-Mar-2018 10:25:37.475 INFORMAZIONI [main] org.apache.catalina.startup.VersionLoggerListener.log JVM Vendor:            Oracle Corporation
09-Mar-2018 10:25:37.475 INFORMAZIONI [main] org.apache.catalina.startup.VersionLoggerListener.log CATALINA_BASE:         C:\Users\Contrar18002\Desktop\ContraderNuovoCorso\SecondProject\ContraderFrameworkJSP\apache-tomcat-8.5.24
09-Mar-2018 10:25:37.475 INFORMAZIONI [main] org.apache.catalina.startup.VersionLoggerListener.log CATALINA_HOME:         C:\Users\Contrar18002\Desktop\ContraderNuovoCorso\SecondProject\ContraderFrameworkJSP\apache-tomcat-8.5.24
09-Mar-2018 10:25:37.476 INFORMAZIONI [main] org.apache.catalina.startup.VersionLoggerListener.log Command line argument: -Djava.util.logging.config.file=C:\Users\Contrar18002\Desktop\ContraderNuovoCorso\SecondProject\ContraderFrameworkJSP\apache-tomcat-8.5.24\conf\logging.properties
09-Mar-2018 10:25:37.476 INFORMAZIONI [main] org.apache.catalina.startup.VersionLoggerListener.log Command line argument: -Djava.util.logging.manager=org.apache.juli.ClassLoaderLogManager
09-Mar-2018 10:25:37.476 INFORMAZIONI [main] org.apache.catalina.startup.VersionLoggerListener.log Command line argument: -Djdk.tls.ephemeralDHKeySize=2048
09-Mar-2018 10:25:37.477 INFORMAZIONI [main] org.apache.catalina.startup.VersionLoggerListener.log Command line argument: -Djava.protocol.handler.pkgs=org.apache.catalina.webresources
09-Mar-2018 10:25:37.477 INFORMAZIONI [main] org.apache.catalina.startup.VersionLoggerListener.log Command line argument: -Dignore.endorsed.dirs=
09-Mar-2018 10:25:37.485 INFORMAZIONI [main] org.apache.catalina.startup.VersionLoggerListener.log Command line argument: -Dcatalina.base=C:\Users\Contrar18002\Desktop\ContraderNuovoCorso\SecondProject\ContraderFrameworkJSP\apache-tomcat-8.5.24
09-Mar-2018 10:25:37.495 INFORMAZIONI [main] org.apache.catalina.startup.VersionLoggerListener.log Command line argument: -Dcatalina.home=C:\Users\Contrar18002\Desktop\ContraderNuovoCorso\SecondProject\ContraderFrameworkJSP\apache-tomcat-8.5.24
09-Mar-2018 10:25:37.536 INFORMAZIONI [main] org.apache.catalina.startup.VersionLoggerListener.log Command line argument: -Djava.io.tmpdir=C:\Users\Contrar18002\Desktop\ContraderNuovoCorso\SecondProject\ContraderFrameworkJSP\apache-tomcat-8.5.24\temp
09-Mar-2018 10:25:37.545 INFORMAZIONI [main] org.apache.catalina.core.AprLifecycleListener.lifecycleEvent The APR based Apache Tomcat Native library which allows optimal performance in production environments was not found on the java.library.path: [C:\Program Files\Java\jdk1.8.0_144\bin;C:\WINDOWS\Sun\Java\bin;C:\WINDOWS\system32;C:\WINDOWS;C:\ProgramData\Oracle\Java\javapath;C:\WINDOWS\system32;C:\WINDOWS;C:\WINDOWS\System32\Wbem;C:\WINDOWS\System32\WindowsPowerShell\v1.0\;C:\Program Files\Git\cmd;C:\Program Files (x86)\nodejs\;C:\apache-maven-3.5.0\bin;C:\Program Files\dotnet\;C:\Program Files\Microsoft SQL Server\130\Tools\Binn\;C:\Users\Contrar18002\AppData\Local\Microsoft\WindowsApps;C:\Users\Contrar18002\AppData\Roaming\npm;;.]
09-Mar-2018 10:25:37.868 INFORMAZIONI [main] org.apache.coyote.AbstractProtocol.init Initializing ProtocolHandler ["http-nio-8080"]
09-Mar-2018 10:25:38.105 INFORMAZIONI [main] org.apache.tomcat.util.net.NioSelectorPool.getSharedSelector Using a shared selector for servlet write/read
09-Mar-2018 10:25:38.148 INFORMAZIONI [main] org.apache.coyote.AbstractProtocol.init Initializing ProtocolHandler ["ajp-nio-8009"]
09-Mar-2018 10:25:38.153 INFORMAZIONI [main] org.apache.tomcat.util.net.NioSelectorPool.getSharedSelector Using a shared selector for servlet write/read
09-Mar-2018 10:25:38.159 INFORMAZIONI [main] org.apache.catalina.startup.Catalina.load Initialization processed in 2213 ms
09-Mar-2018 10:25:38.200 INFORMAZIONI [main] org.apache.catalina.core.StandardService.startInternal Starting service [Catalina]
09-Mar-2018 10:25:38.202 INFORMAZIONI [main] org.apache.catalina.core.StandardEngine.startInternal Starting Servlet Engine: Apache Tomcat/8.5.24
09-Mar-2018 10:25:38.234 INFORMAZIONI [localhost-startStop-1] org.apache.catalina.startup.HostConfig.deployWAR Deploying web application archive [C:\Users\Contrar18002\Desktop\ContraderNuovoCorso\SecondProject\ContraderFrameworkJSP\apache-tomcat-8.5.24\webapps\bookstore-1.0-SNAPSHOT.war]
09-Mar-2018 10:25:39.460 INFORMAZIONI [localhost-startStop-1] org.apache.jasper.servlet.TldScanner.scanJars At least one JAR was scanned for TLDs yet contained no TLDs. Enable debug logging for this logger for a complete list of JARs that were scanned but no TLDs were found in them. Skipping unneeded JARs during scanning can improve startup time and JSP compilation time.
09-Mar-2018 10:25:39.554 INFORMAZIONI [localhost-startStop-1] org.apache.catalina.startup.HostConfig.deployWAR Deployment of web application archive [C:\Users\Contrar18002\Desktop\ContraderNuovoCorso\SecondProject\ContraderFrameworkJSP\apache-tomcat-8.5.24\webapps\bookstore-1.0-SNAPSHOT.war] has finished in [1,321] ms
09-Mar-2018 10:25:39.556 INFORMAZIONI [localhost-startStop-1] org.apache.catalina.startup.HostConfig.deployDirectory Deploying web application directory [C:\Users\Contrar18002\Desktop\ContraderNuovoCorso\SecondProject\ContraderFrameworkJSP\apache-tomcat-8.5.24\webapps\docs]
09-Mar-2018 10:25:39.590 INFORMAZIONI [localhost-startStop-1] org.apache.catalina.startup.HostConfig.deployDirectory Deployment of web application directory [C:\Users\Contrar18002\Desktop\ContraderNuovoCorso\SecondProject\ContraderFrameworkJSP\apache-tomcat-8.5.24\webapps\docs] has finished in [35] ms
09-Mar-2018 10:25:39.591 INFORMAZIONI [localhost-startStop-1] org.apache.catalina.startup.HostConfig.deployDirectory Deploying web application directory [C:\Users\Contrar18002\Desktop\ContraderNuovoCorso\SecondProject\ContraderFrameworkJSP\apache-tomcat-8.5.24\webapps\examples]
09-Mar-2018 10:25:40.239 INFORMAZIONI [localhost-startStop-1] org.apache.catalina.startup.HostConfig.deployDirectory Deployment of web application directory [C:\Users\Contrar18002\Desktop\ContraderNuovoCorso\SecondProject\ContraderFrameworkJSP\apache-tomcat-8.5.24\webapps\examples] has finished in [648] ms
09-Mar-2018 10:25:40.256 INFORMAZIONI [localhost-startStop-1] org.apache.catalina.startup.HostConfig.deployDirectory Deploying web application directory [C:\Users\Contrar18002\Desktop\ContraderNuovoCorso\SecondProject\ContraderFrameworkJSP\apache-tomcat-8.5.24\webapps\host-manager]
09-Mar-2018 10:25:40.336 INFORMAZIONI [localhost-startStop-1] org.apache.catalina.startup.HostConfig.deployDirectory Deployment of web application directory [C:\Users\Contrar18002\Desktop\ContraderNuovoCorso\SecondProject\ContraderFrameworkJSP\apache-tomcat-8.5.24\webapps\host-manager] has finished in [80] ms
09-Mar-2018 10:25:40.340 INFORMAZIONI [localhost-startStop-1] org.apache.catalina.startup.HostConfig.deployDirectory Deploying web application directory [C:\Users\Contrar18002\Desktop\ContraderNuovoCorso\SecondProject\ContraderFrameworkJSP\apache-tomcat-8.5.24\webapps\manager]
09-Mar-2018 10:25:40.414 INFORMAZIONI [localhost-startStop-1] org.apache.catalina.startup.HostConfig.deployDirectory Deployment of web application directory [C:\Users\Contrar18002\Desktop\ContraderNuovoCorso\SecondProject\ContraderFrameworkJSP\apache-tomcat-8.5.24\webapps\manager] has finished in [74] ms
09-Mar-2018 10:25:40.416 INFORMAZIONI [localhost-startStop-1] org.apache.catalina.startup.HostConfig.deployDirectory Deploying web application directory [C:\Users\Contrar18002\Desktop\ContraderNuovoCorso\SecondProject\ContraderFrameworkJSP\apache-tomcat-8.5.24\webapps\ROOT]
09-Mar-2018 10:25:40.472 INFORMAZIONI [localhost-startStop-1] org.apache.catalina.startup.HostConfig.deployDirectory Deployment of web application directory [C:\Users\Contrar18002\Desktop\ContraderNuovoCorso\SecondProject\ContraderFrameworkJSP\apache-tomcat-8.5.24\webapps\ROOT] has finished in [56] ms
09-Mar-2018 10:25:40.491 INFORMAZIONI [main] org.apache.coyote.AbstractProtocol.start Starting ProtocolHandler ["http-nio-8080"]
09-Mar-2018 10:25:40.507 INFORMAZIONI [main] org.apache.coyote.AbstractProtocol.start Starting ProtocolHandler ["ajp-nio-8009"]
09-Mar-2018 10:25:40.513 INFORMAZIONI [main] org.apache.catalina.startup.Catalina.start Server startup in 2349 ms
09-Mar-2018 10:26:00.508 INFORMAZIONI [localhost-startStop-2] org.apache.catalina.startup.HostConfig.deployWAR Deploying web application archive [C:\Users\Contrar18002\Desktop\ContraderNuovoCorso\SecondProject\ContraderFrameworkJSP\apache-tomcat-8.5.24\webapps\contrader.war]
09-Mar-2018 10:26:03.230 INFORMAZIONI [localhost-startStop-2] org.apache.jasper.servlet.TldScanner.scanJars At least one JAR was scanned for TLDs yet contained no TLDs. Enable debug logging for this logger for a complete list of JARs that were scanned but no TLDs were found in them. Skipping unneeded JARs during scanning can improve startup time and JSP compilation time.
09-Mar-2018 10:26:03.246 INFORMAZIONI [localhost-startStop-2] org.apache.catalina.startup.HostConfig.deployWAR Deployment of web application archive [C:\Users\Contrar18002\Desktop\ContraderNuovoCorso\SecondProject\ContraderFrameworkJSP\apache-tomcat-8.5.24\webapps\contrader.war] has finished in [2,738] ms
09-Mar-2018 10:27:13.293 INFORMAZIONI [ContainerBackgroundProcessor[StandardEngine[Catalina]]] org.apache.catalina.startup.HostConfig.undeploy Undeploying context [/contrader]
09-Mar-2018 10:27:13.417 INFORMAZIONI [localhost-startStop-3] org.apache.catalina.startup.HostConfig.deployWAR Deploying web application archive [C:\Users\Contrar18002\Desktop\ContraderNuovoCorso\SecondProject\ContraderFrameworkJSP\apache-tomcat-8.5.24\webapps\contrader.war]
09-Mar-2018 10:27:15.374 INFORMAZIONI [localhost-startStop-3] org.apache.jasper.servlet.TldScanner.scanJars At least one JAR was scanned for TLDs yet contained no TLDs. Enable debug logging for this logger for a complete list of JARs that were scanned but no TLDs were found in them. Skipping unneeded JARs during scanning can improve startup time and JSP compilation time.
09-Mar-2018 10:27:15.399 INFORMAZIONI [localhost-startStop-3] org.apache.catalina.startup.HostConfig.deployWAR Deployment of web application archive [C:\Users\Contrar18002\Desktop\ContraderNuovoCorso\SecondProject\ContraderFrameworkJSP\apache-tomcat-8.5.24\webapps\contrader.war] has finished in [1,982] ms
09-Mar-2018 19:47:04.265 INFORMAZIONI [main] org.apache.catalina.startup.VersionLoggerListener.log Server version:        Apache Tomcat/8.5.24
09-Mar-2018 19:47:04.265 INFORMAZIONI [main] org.apache.catalina.startup.VersionLoggerListener.log Server built:          Nov 27 2017 13:05:30 UTC
09-Mar-2018 19:47:04.265 INFORMAZIONI [main] org.apache.catalina.startup.VersionLoggerListener.log Server number:         8.5.24.0
09-Mar-2018 19:47:04.265 INFORMAZIONI [main] org.apache.catalina.startup.VersionLoggerListener.log OS Name:               Windows 10
09-Mar-2018 19:47:04.265 INFORMAZIONI [main] org.apache.catalina.startup.VersionLoggerListener.log OS Version:            10.0
09-Mar-2018 19:47:04.265 INFORMAZIONI [main] org.apache.catalina.startup.VersionLoggerListener.log Architecture:          amd64
09-Mar-2018 19:47:04.265 INFORMAZIONI [main] org.apache.catalina.startup.VersionLoggerListener.log Java Home:             C:\Program Files\Java\jdk1.8.0_144\jre
09-Mar-2018 19:47:04.265 INFORMAZIONI [main] org.apache.catalina.startup.VersionLoggerListener.log JVM Version:           1.8.0_144-b01
09-Mar-2018 19:47:04.265 INFORMAZIONI [main] org.apache.catalina.startup.VersionLoggerListener.log JVM Vendor:            Oracle Corporation
09-Mar-2018 19:47:04.265 INFORMAZIONI [main] org.apache.catalina.startup.VersionLoggerListener.log CATALINA_BASE:         C:\Users\Contrar18002\Desktop\ContraderNuovoCorso\SecondProject\ContraderFrameworkJSP\apache-tomcat-8.5.24
09-Mar-2018 19:47:04.265 INFORMAZIONI [main] org.apache.catalina.startup.VersionLoggerListener.log CATALINA_HOME:         C:\Users\Contrar18002\Desktop\ContraderNuovoCorso\SecondProject\ContraderFrameworkJSP\apache-tomcat-8.5.24
09-Mar-2018 19:47:04.265 INFORMAZIONI [main] org.apache.catalina.startup.VersionLoggerListener.log Command line argument: -Djava.util.logging.config.file=C:\Users\Contrar18002\Desktop\ContraderNuovoCorso\SecondProject\ContraderFrameworkJSP\apache-tomcat-8.5.24\conf\logging.properties
09-Mar-2018 19:47:04.265 INFORMAZIONI [main] org.apache.catalina.startup.VersionLoggerListener.log Command line argument: -Djava.util.logging.manager=org.apache.juli.ClassLoaderLogManager
09-Mar-2018 19:47:04.265 INFORMAZIONI [main] org.apache.catalina.startup.VersionLoggerListener.log Command line argument: -Djdk.tls.ephemeralDHKeySize=2048
09-Mar-2018 19:47:04.265 INFORMAZIONI [main] org.apache.catalina.startup.VersionLoggerListener.log Command line argument: -Djava.protocol.handler.pkgs=org.apache.catalina.webresources
09-Mar-2018 19:47:04.265 INFORMAZIONI [main] org.apache.catalina.startup.VersionLoggerListener.log Command line argument: -Dignore.endorsed.dirs=
09-Mar-2018 19:47:04.265 INFORMAZIONI [main] org.apache.catalina.startup.VersionLoggerListener.log Command line argument: -Dcatalina.base=C:\Users\Contrar18002\Desktop\ContraderNuovoCorso\SecondProject\ContraderFrameworkJSP\apache-tomcat-8.5.24
09-Mar-2018 19:47:04.281 INFORMAZIONI [main] org.apache.catalina.startup.VersionLoggerListener.log Command line argument: -Dcatalina.home=C:\Users\Contrar18002\Desktop\ContraderNuovoCorso\SecondProject\ContraderFrameworkJSP\apache-tomcat-8.5.24
09-Mar-2018 19:47:04.281 INFORMAZIONI [main] org.apache.catalina.startup.VersionLoggerListener.log Command line argument: -Djava.io.tmpdir=C:\Users\Contrar18002\Desktop\ContraderNuovoCorso\SecondProject\ContraderFrameworkJSP\apache-tomcat-8.5.24\temp
09-Mar-2018 19:47:04.281 INFORMAZIONI [main] org.apache.catalina.core.AprLifecycleListener.lifecycleEvent The APR based Apache Tomcat Native library which allows optimal performance in production environments was not found on the java.library.path: [C:\Program Files\Java\jdk1.8.0_144\bin;C:\WINDOWS\Sun\Java\bin;C:\WINDOWS\system32;C:\WINDOWS;C:\ProgramData\Oracle\Java\javapath;C:\WINDOWS\system32;C:\WINDOWS;C:\WINDOWS\System32\Wbem;C:\WINDOWS\System32\WindowsPowerShell\v1.0\;C:\Program Files\Git\cmd;C:\Program Files (x86)\nodejs\;C:\apache-maven-3.5.0\bin;C:\Program Files\dotnet\;C:\Program Files\Microsoft SQL Server\130\Tools\Binn\;C:\Users\Contrar18002\AppData\Local\Microsoft\WindowsApps;C:\Users\Contrar18002\AppData\Roaming\npm;;.]
09-Mar-2018 19:47:04.464 INFORMAZIONI [main] org.apache.coyote.AbstractProtocol.init Initializing ProtocolHandler ["http-nio-8080"]
09-Mar-2018 19:47:04.620 INFORMAZIONI [main] org.apache.tomcat.util.net.NioSelectorPool.getSharedSelector Using a shared selector for servlet write/read
09-Mar-2018 19:47:04.620 INFORMAZIONI [main] org.apache.coyote.AbstractProtocol.init Initializing ProtocolHandler ["ajp-nio-8009"]
09-Mar-2018 19:47:04.636 INFORMAZIONI [main] org.apache.tomcat.util.net.NioSelectorPool.getSharedSelector Using a shared selector for servlet write/read
09-Mar-2018 19:47:04.636 INFORMAZIONI [main] org.apache.catalina.startup.Catalina.load Initialization processed in 1057 ms
09-Mar-2018 19:47:04.667 INFORMAZIONI [main] org.apache.catalina.core.StandardService.startInternal Starting service [Catalina]
09-Mar-2018 19:47:04.667 INFORMAZIONI [main] org.apache.catalina.core.StandardEngine.startInternal Starting Servlet Engine: Apache Tomcat/8.5.24
09-Mar-2018 19:47:04.714 INFORMAZIONI [localhost-startStop-1] org.apache.catalina.startup.HostConfig.deployWAR Deploying web application archive [C:\Users\Contrar18002\Desktop\ContraderNuovoCorso\SecondProject\ContraderFrameworkJSP\apache-tomcat-8.5.24\webapps\bookstore-1.0-SNAPSHOT.war]
09-Mar-2018 19:47:05.812 INFORMAZIONI [localhost-startStop-1] org.apache.jasper.servlet.TldScanner.scanJars At least one JAR was scanned for TLDs yet contained no TLDs. Enable debug logging for this logger for a complete list of JARs that were scanned but no TLDs were found in them. Skipping unneeded JARs during scanning can improve startup time and JSP compilation time.
09-Mar-2018 19:47:05.908 INFORMAZIONI [localhost-startStop-1] org.apache.catalina.startup.HostConfig.deployWAR Deployment of web application archive [C:\Users\Contrar18002\Desktop\ContraderNuovoCorso\SecondProject\ContraderFrameworkJSP\apache-tomcat-8.5.24\webapps\bookstore-1.0-SNAPSHOT.war] has finished in [1,194] ms
09-Mar-2018 19:47:05.908 INFORMAZIONI [localhost-startStop-1] org.apache.catalina.startup.HostConfig.deployWAR Deploying web application archive [C:\Users\Contrar18002\Desktop\ContraderNuovoCorso\SecondProject\ContraderFrameworkJSP\apache-tomcat-8.5.24\webapps\contrader.war]
09-Mar-2018 19:47:07.177 INFORMAZIONI [localhost-startStop-1] org.apache.jasper.servlet.TldScanner.scanJars At least one JAR was scanned for TLDs yet contained no TLDs. Enable debug logging for this logger for a complete list of JARs that were scanned but no TLDs were found in them. Skipping unneeded JARs during scanning can improve startup time and JSP compilation time.
09-Mar-2018 19:47:07.192 INFORMAZIONI [localhost-startStop-1] org.apache.catalina.startup.HostConfig.deployWAR Deployment of web application archive [C:\Users\Contrar18002\Desktop\ContraderNuovoCorso\SecondProject\ContraderFrameworkJSP\apache-tomcat-8.5.24\webapps\contrader.war] has finished in [1,284] ms
09-Mar-2018 19:47:07.208 INFORMAZIONI [localhost-startStop-1] org.apache.catalina.startup.HostConfig.deployDirectory Deploying web application directory [C:\Users\Contrar18002\Desktop\ContraderNuovoCorso\SecondProject\ContraderFrameworkJSP\apache-tomcat-8.5.24\webapps\docs]
09-Mar-2018 19:47:07.302 INFORMAZIONI [localhost-startStop-1] org.apache.catalina.startup.HostConfig.deployDirectory Deployment of web application directory [C:\Users\Contrar18002\Desktop\ContraderNuovoCorso\SecondProject\ContraderFrameworkJSP\apache-tomcat-8.5.24\webapps\docs] has finished in [94] ms
09-Mar-2018 19:47:07.302 INFORMAZIONI [localhost-startStop-1] org.apache.catalina.startup.HostConfig.deployDirectory Deploying web application directory [C:\Users\Contrar18002\Desktop\ContraderNuovoCorso\SecondProject\ContraderFrameworkJSP\apache-tomcat-8.5.24\webapps\examples]
09-Mar-2018 19:47:08.995 INFORMAZIONI [localhost-startStop-1] org.apache.catalina.startup.HostConfig.deployDirectory Deployment of web application directory [C:\Users\Contrar18002\Desktop\ContraderNuovoCorso\SecondProject\ContraderFrameworkJSP\apache-tomcat-8.5.24\webapps\examples] has finished in [1,693] ms
09-Mar-2018 19:47:08.995 INFORMAZIONI [localhost-startStop-1] org.apache.catalina.startup.HostConfig.deployDirectory Deploying web application directory [C:\Users\Contrar18002\Desktop\ContraderNuovoCorso\SecondProject\ContraderFrameworkJSP\apache-tomcat-8.5.24\webapps\host-manager]
09-Mar-2018 19:47:09.073 INFORMAZIONI [localhost-startStop-1] org.apache.catalina.startup.HostConfig.deployDirectory Deployment of web application directory [C:\Users\Contrar18002\Desktop\ContraderNuovoCorso\SecondProject\ContraderFrameworkJSP\apache-tomcat-8.5.24\webapps\host-manager] has finished in [78] ms
09-Mar-2018 19:47:09.073 INFORMAZIONI [localhost-startStop-1] org.apache.catalina.startup.HostConfig.deployDirectory Deploying web application directory [C:\Users\Contrar18002\Desktop\ContraderNuovoCorso\SecondProject\ContraderFrameworkJSP\apache-tomcat-8.5.24\webapps\manager]
09-Mar-2018 19:47:09.136 INFORMAZIONI [localhost-startStop-1] org.apache.catalina.startup.HostConfig.deployDirectory Deployment of web application directory [C:\Users\Contrar18002\Desktop\ContraderNuovoCorso\SecondProject\ContraderFrameworkJSP\apache-tomcat-8.5.24\webapps\manager] has finished in [63] ms
09-Mar-2018 19:47:09.136 INFORMAZIONI [localhost-startStop-1] org.apache.catalina.startup.HostConfig.deployDirectory Deploying web application directory [C:\Users\Contrar18002\Desktop\ContraderNuovoCorso\SecondProject\ContraderFrameworkJSP\apache-tomcat-8.5.24\webapps\ROOT]
09-Mar-2018 19:47:09.167 INFORMAZIONI [localhost-startStop-1] org.apache.catalina.startup.HostConfig.deployDirectory Deployment of web application directory [C:\Users\Contrar18002\Desktop\ContraderNuovoCorso\SecondProject\ContraderFrameworkJSP\apache-tomcat-8.5.24\webapps\ROOT] has finished in [31] ms
09-Mar-2018 19:47:09.182 INFORMAZIONI [main] org.apache.coyote.AbstractProtocol.start Starting ProtocolHandler ["http-nio-8080"]
09-Mar-2018 19:47:09.182 INFORMAZIONI [main] org.apache.coyote.AbstractProtocol.start Starting ProtocolHandler ["ajp-nio-8009"]
09-Mar-2018 19:47:09.198 INFORMAZIONI [main] org.apache.catalina.startup.Catalina.start Server startup in 4562 ms
09-Mar-2018 19:47:29.172 INFORMAZIONI [ContainerBackgroundProcessor[StandardEngine[Catalina]]] org.apache.catalina.startup.HostConfig.undeploy Undeploying context [/contrader]
09-Mar-2018 19:47:29.281 INFORMAZIONI [localhost-startStop-2] org.apache.catalina.startup.HostConfig.deployWAR Deploying web application archive [C:\Users\Contrar18002\Desktop\ContraderNuovoCorso\SecondProject\ContraderFrameworkJSP\apache-tomcat-8.5.24\webapps\contrader.war]
09-Mar-2018 19:47:30.656 INFORMAZIONI [localhost-startStop-2] org.apache.jasper.servlet.TldScanner.scanJars At least one JAR was scanned for TLDs yet contained no TLDs. Enable debug logging for this logger for a complete list of JARs that were scanned but no TLDs were found in them. Skipping unneeded JARs during scanning can improve startup time and JSP compilation time.
09-Mar-2018 19:47:30.735 INFORMAZIONI [localhost-startStop-2] org.apache.catalina.startup.HostConfig.deployWAR Deployment of web application archive [C:\Users\Contrar18002\Desktop\ContraderNuovoCorso\SecondProject\ContraderFrameworkJSP\apache-tomcat-8.5.24\webapps\contrader.war] has finished in [1,454] ms
09-Mar-2018 20:02:11.225 INFORMAZIONI [ContainerBackgroundProcessor[StandardEngine[Catalina]]] org.apache.catalina.startup.HostConfig.undeploy Undeploying context [/contrader]
09-Mar-2018 20:02:11.338 INFORMAZIONI [localhost-startStop-3] org.apache.catalina.startup.HostConfig.deployWAR Deploying web application archive [C:\Users\Contrar18002\Desktop\ContraderNuovoCorso\SecondProject\ContraderFrameworkJSP\apache-tomcat-8.5.24\webapps\contrader.war]
09-Mar-2018 20:02:12.974 INFORMAZIONI [localhost-startStop-3] org.apache.jasper.servlet.TldScanner.scanJars At least one JAR was scanned for TLDs yet contained no TLDs. Enable debug logging for this logger for a complete list of JARs that were scanned but no TLDs were found in them. Skipping unneeded JARs during scanning can improve startup time and JSP compilation time.
09-Mar-2018 20:02:13.000 INFORMAZIONI [localhost-startStop-3] org.apache.catalina.startup.HostConfig.deployWAR Deployment of web application archive [C:\Users\Contrar18002\Desktop\ContraderNuovoCorso\SecondProject\ContraderFrameworkJSP\apache-tomcat-8.5.24\webapps\contrader.war] has finished in [1,661] ms
