20-Mar-2018 01:09:25.583 INFORMAZIONI [main] org.apache.catalina.startup.VersionLoggerListener.log Server version:        Apache Tomcat/8.5.24
20-Mar-2018 01:09:25.583 INFORMAZIONI [main] org.apache.catalina.startup.VersionLoggerListener.log Server built:          Nov 27 2017 13:05:30 UTC
20-Mar-2018 01:09:25.583 INFORMAZIONI [main] org.apache.catalina.startup.VersionLoggerListener.log Server number:         8.5.24.0
20-Mar-2018 01:09:25.583 INFORMAZIONI [main] org.apache.catalina.startup.VersionLoggerListener.log OS Name:               Windows 10
20-Mar-2018 01:09:25.583 INFORMAZIONI [main] org.apache.catalina.startup.VersionLoggerListener.log OS Version:            10.0
20-Mar-2018 01:09:25.583 INFORMAZIONI [main] org.apache.catalina.startup.VersionLoggerListener.log Architecture:          amd64
20-Mar-2018 01:09:25.583 INFORMAZIONI [main] org.apache.catalina.startup.VersionLoggerListener.log Java Home:             C:\Program Files\Java\jdk1.8.0_144\jre
20-Mar-2018 01:09:25.583 INFORMAZIONI [main] org.apache.catalina.startup.VersionLoggerListener.log JVM Version:           1.8.0_144-b01
20-Mar-2018 01:09:25.583 INFORMAZIONI [main] org.apache.catalina.startup.VersionLoggerListener.log JVM Vendor:            Oracle Corporation
20-Mar-2018 01:09:25.583 INFORMAZIONI [main] org.apache.catalina.startup.VersionLoggerListener.log CATALINA_BASE:         C:\Users\Contrar18002\Desktop\ContraderNuovoCorso\SecondProject\ContraderFrameworkJSP\apache-tomcat-8.5.24
20-Mar-2018 01:09:25.583 INFORMAZIONI [main] org.apache.catalina.startup.VersionLoggerListener.log CATALINA_HOME:         C:\Users\Contrar18002\Desktop\ContraderNuovoCorso\SecondProject\ContraderFrameworkJSP\apache-tomcat-8.5.24
20-Mar-2018 01:09:25.583 INFORMAZIONI [main] org.apache.catalina.startup.VersionLoggerListener.log Command line argument: -Djava.util.logging.config.file=C:\Users\Contrar18002\Desktop\ContraderNuovoCorso\SecondProject\ContraderFrameworkJSP\apache-tomcat-8.5.24\conf\logging.properties
20-Mar-2018 01:09:25.583 INFORMAZIONI [main] org.apache.catalina.startup.VersionLoggerListener.log Command line argument: -Djava.util.logging.manager=org.apache.juli.ClassLoaderLogManager
20-Mar-2018 01:09:25.583 INFORMAZIONI [main] org.apache.catalina.startup.VersionLoggerListener.log Command line argument: -Djdk.tls.ephemeralDHKeySize=2048
20-Mar-2018 01:09:25.583 INFORMAZIONI [main] org.apache.catalina.startup.VersionLoggerListener.log Command line argument: -Djava.protocol.handler.pkgs=org.apache.catalina.webresources
20-Mar-2018 01:09:25.583 INFORMAZIONI [main] org.apache.catalina.startup.VersionLoggerListener.log Command line argument: -Dignore.endorsed.dirs=
20-Mar-2018 01:09:25.583 INFORMAZIONI [main] org.apache.catalina.startup.VersionLoggerListener.log Command line argument: -Dcatalina.base=C:\Users\Contrar18002\Desktop\ContraderNuovoCorso\SecondProject\ContraderFrameworkJSP\apache-tomcat-8.5.24
20-Mar-2018 01:09:25.583 INFORMAZIONI [main] org.apache.catalina.startup.VersionLoggerListener.log Command line argument: -Dcatalina.home=C:\Users\Contrar18002\Desktop\ContraderNuovoCorso\SecondProject\ContraderFrameworkJSP\apache-tomcat-8.5.24
20-Mar-2018 01:09:25.583 INFORMAZIONI [main] org.apache.catalina.startup.VersionLoggerListener.log Command line argument: -Djava.io.tmpdir=C:\Users\Contrar18002\Desktop\ContraderNuovoCorso\SecondProject\ContraderFrameworkJSP\apache-tomcat-8.5.24\temp
20-Mar-2018 01:09:25.583 INFORMAZIONI [main] org.apache.catalina.core.AprLifecycleListener.lifecycleEvent The APR based Apache Tomcat Native library which allows optimal performance in production environments was not found on the java.library.path: [C:\Program Files\Java\jdk1.8.0_144\bin;C:\WINDOWS\Sun\Java\bin;C:\WINDOWS\system32;C:\WINDOWS;C:\ProgramData\Oracle\Java\javapath;C:\WINDOWS\system32;C:\WINDOWS;C:\WINDOWS\System32\Wbem;C:\WINDOWS\System32\WindowsPowerShell\v1.0\;C:\Program Files\Git\cmd;C:\Program Files (x86)\nodejs\;C:\apache-maven-3.5.0\bin;C:\Program Files\dotnet\;C:\Program Files\Microsoft SQL Server\130\Tools\Binn\;C:\Users\Contrar18002\AppData\Local\Microsoft\WindowsApps;C:\Users\Contrar18002\AppData\Roaming\npm;;.]
20-Mar-2018 01:09:25.755 INFORMAZIONI [main] org.apache.coyote.AbstractProtocol.init Initializing ProtocolHandler ["http-nio-8080"]
20-Mar-2018 01:09:25.911 INFORMAZIONI [main] org.apache.tomcat.util.net.NioSelectorPool.getSharedSelector Using a shared selector for servlet write/read
20-Mar-2018 01:09:25.927 INFORMAZIONI [main] org.apache.coyote.AbstractProtocol.init Initializing ProtocolHandler ["ajp-nio-8009"]
20-Mar-2018 01:09:25.942 INFORMAZIONI [main] org.apache.tomcat.util.net.NioSelectorPool.getSharedSelector Using a shared selector for servlet write/read
20-Mar-2018 01:09:25.942 INFORMAZIONI [main] org.apache.catalina.startup.Catalina.load Initialization processed in 972 ms
20-Mar-2018 01:09:25.989 INFORMAZIONI [main] org.apache.catalina.core.StandardService.startInternal Starting service [Catalina]
20-Mar-2018 01:09:25.989 INFORMAZIONI [main] org.apache.catalina.core.StandardEngine.startInternal Starting Servlet Engine: Apache Tomcat/8.5.24
20-Mar-2018 01:09:26.052 INFORMAZIONI [localhost-startStop-1] org.apache.catalina.startup.HostConfig.deployWAR Deploying web application archive [C:\Users\Contrar18002\Desktop\ContraderNuovoCorso\SecondProject\ContraderFrameworkJSP\apache-tomcat-8.5.24\webapps\bookstore-1.0-SNAPSHOT.war]
20-Mar-2018 01:09:26.998 INFORMAZIONI [localhost-startStop-1] org.apache.jasper.servlet.TldScanner.scanJars At least one JAR was scanned for TLDs yet contained no TLDs. Enable debug logging for this logger for a complete list of JARs that were scanned but no TLDs were found in them. Skipping unneeded JARs during scanning can improve startup time and JSP compilation time.
20-Mar-2018 01:09:27.092 INFORMAZIONI [localhost-startStop-1] org.apache.catalina.startup.HostConfig.deployWAR Deployment of web application archive [C:\Users\Contrar18002\Desktop\ContraderNuovoCorso\SecondProject\ContraderFrameworkJSP\apache-tomcat-8.5.24\webapps\bookstore-1.0-SNAPSHOT.war] has finished in [1,040] ms
20-Mar-2018 01:09:27.092 INFORMAZIONI [localhost-startStop-1] org.apache.catalina.startup.HostConfig.deployWAR Deploying web application archive [C:\Users\Contrar18002\Desktop\ContraderNuovoCorso\SecondProject\ContraderFrameworkJSP\apache-tomcat-8.5.24\webapps\contrader.war]
20-Mar-2018 01:09:27.107 INFORMAZIONI [localhost-startStop-1] org.apache.catalina.startup.ExpandWar.expand An expanded directory [C:\Users\Contrar18002\Desktop\ContraderNuovoCorso\SecondProject\ContraderFrameworkJSP\apache-tomcat-8.5.24\webapps\contrader] was found with a last modified time that did not match the associated WAR. It will be deleted.
20-Mar-2018 01:09:28.637 INFORMAZIONI [localhost-startStop-1] org.apache.jasper.servlet.TldScanner.scanJars At least one JAR was scanned for TLDs yet contained no TLDs. Enable debug logging for this logger for a complete list of JARs that were scanned but no TLDs were found in them. Skipping unneeded JARs during scanning can improve startup time and JSP compilation time.
20-Mar-2018 01:09:28.653 INFORMAZIONI [localhost-startStop-1] org.apache.catalina.startup.HostConfig.deployWAR Deployment of web application archive [C:\Users\Contrar18002\Desktop\ContraderNuovoCorso\SecondProject\ContraderFrameworkJSP\apache-tomcat-8.5.24\webapps\contrader.war] has finished in [1,561] ms
20-Mar-2018 01:09:28.668 INFORMAZIONI [localhost-startStop-1] org.apache.catalina.startup.HostConfig.deployDirectory Deploying web application directory [C:\Users\Contrar18002\Desktop\ContraderNuovoCorso\SecondProject\ContraderFrameworkJSP\apache-tomcat-8.5.24\webapps\docs]
20-Mar-2018 01:09:28.762 INFORMAZIONI [localhost-startStop-1] org.apache.catalina.startup.HostConfig.deployDirectory Deployment of web application directory [C:\Users\Contrar18002\Desktop\ContraderNuovoCorso\SecondProject\ContraderFrameworkJSP\apache-tomcat-8.5.24\webapps\docs] has finished in [94] ms
20-Mar-2018 01:09:28.762 INFORMAZIONI [localhost-startStop-1] org.apache.catalina.startup.HostConfig.deployDirectory Deploying web application directory [C:\Users\Contrar18002\Desktop\ContraderNuovoCorso\SecondProject\ContraderFrameworkJSP\apache-tomcat-8.5.24\webapps\examples]
20-Mar-2018 01:09:30.325 INFORMAZIONI [localhost-startStop-1] org.apache.catalina.startup.HostConfig.deployDirectory Deployment of web application directory [C:\Users\Contrar18002\Desktop\ContraderNuovoCorso\SecondProject\ContraderFrameworkJSP\apache-tomcat-8.5.24\webapps\examples] has finished in [1,563] ms
20-Mar-2018 01:09:30.325 INFORMAZIONI [localhost-startStop-1] org.apache.catalina.startup.HostConfig.deployDirectory Deploying web application directory [C:\Users\Contrar18002\Desktop\ContraderNuovoCorso\SecondProject\ContraderFrameworkJSP\apache-tomcat-8.5.24\webapps\host-manager]
20-Mar-2018 01:09:30.403 INFORMAZIONI [localhost-startStop-1] org.apache.catalina.startup.HostConfig.deployDirectory Deployment of web application directory [C:\Users\Contrar18002\Desktop\ContraderNuovoCorso\SecondProject\ContraderFrameworkJSP\apache-tomcat-8.5.24\webapps\host-manager] has finished in [78] ms
20-Mar-2018 01:09:30.403 INFORMAZIONI [localhost-startStop-1] org.apache.catalina.startup.HostConfig.deployDirectory Deploying web application directory [C:\Users\Contrar18002\Desktop\ContraderNuovoCorso\SecondProject\ContraderFrameworkJSP\apache-tomcat-8.5.24\webapps\manager]
20-Mar-2018 01:09:30.465 INFORMAZIONI [localhost-startStop-1] org.apache.catalina.startup.HostConfig.deployDirectory Deployment of web application directory [C:\Users\Contrar18002\Desktop\ContraderNuovoCorso\SecondProject\ContraderFrameworkJSP\apache-tomcat-8.5.24\webapps\manager] has finished in [62] ms
20-Mar-2018 01:09:30.465 INFORMAZIONI [localhost-startStop-1] org.apache.catalina.startup.HostConfig.deployDirectory Deploying web application directory [C:\Users\Contrar18002\Desktop\ContraderNuovoCorso\SecondProject\ContraderFrameworkJSP\apache-tomcat-8.5.24\webapps\ROOT]
20-Mar-2018 01:09:30.512 INFORMAZIONI [localhost-startStop-1] org.apache.catalina.startup.HostConfig.deployDirectory Deployment of web application directory [C:\Users\Contrar18002\Desktop\ContraderNuovoCorso\SecondProject\ContraderFrameworkJSP\apache-tomcat-8.5.24\webapps\ROOT] has finished in [47] ms
20-Mar-2018 01:09:30.528 INFORMAZIONI [main] org.apache.coyote.AbstractProtocol.start Starting ProtocolHandler ["http-nio-8080"]
20-Mar-2018 01:09:30.528 INFORMAZIONI [main] org.apache.coyote.AbstractProtocol.start Starting ProtocolHandler ["ajp-nio-8009"]
20-Mar-2018 01:09:30.543 INFORMAZIONI [main] org.apache.catalina.startup.Catalina.start Server startup in 4600 ms
20-Mar-2018 01:11:27.933 INFORMAZIONI [http-nio-8080-exec-1] org.springframework.jdbc.datasource.DriverManagerDataSource.setDriverClassName Loaded JDBC driver: com.mysql.jdbc.Driver
20-Mar-2018 01:12:10.631 INFORMAZIONI [ContainerBackgroundProcessor[StandardEngine[Catalina]]] org.apache.catalina.startup.HostConfig.undeploy Undeploying context [/contrader]
20-Mar-2018 01:12:10.725 AVVERTENZA [ContainerBackgroundProcessor[StandardEngine[Catalina]]] org.apache.catalina.loader.WebappClassLoaderBase.clearReferencesJdbc The web application [contrader] registered the JDBC driver [com.mysql.jdbc.Driver] but failed to unregister it when the web application was stopped. To prevent a memory leak, the JDBC Driver has been forcibly unregistered.
20-Mar-2018 01:12:10.725 AVVERTENZA [ContainerBackgroundProcessor[StandardEngine[Catalina]]] org.apache.catalina.loader.WebappClassLoaderBase.clearReferencesThreads The web application [contrader] appears to have started a thread named [Abandoned connection cleanup thread] but has failed to stop it. This is very likely to create a memory leak. Stack trace of thread:
 java.lang.Object.wait(Native Method)
 java.lang.ref.ReferenceQueue.remove(ReferenceQueue.java:143)
 com.mysql.jdbc.AbandonedConnectionCleanupThread.run(AbandonedConnectionCleanupThread.java:64)
 java.util.concurrent.ThreadPoolExecutor.runWorker(ThreadPoolExecutor.java:1149)
 java.util.concurrent.ThreadPoolExecutor$Worker.run(ThreadPoolExecutor.java:624)
 java.lang.Thread.run(Thread.java:748)
20-Mar-2018 01:12:10.850 INFORMAZIONI [localhost-startStop-2] org.apache.catalina.startup.HostConfig.deployWAR Deploying web application archive [C:\Users\Contrar18002\Desktop\ContraderNuovoCorso\SecondProject\ContraderFrameworkJSP\apache-tomcat-8.5.24\webapps\contrader.war]
20-Mar-2018 01:12:12.288 INFORMAZIONI [localhost-startStop-2] org.apache.jasper.servlet.TldScanner.scanJars At least one JAR was scanned for TLDs yet contained no TLDs. Enable debug logging for this logger for a complete list of JARs that were scanned but no TLDs were found in them. Skipping unneeded JARs during scanning can improve startup time and JSP compilation time.
20-Mar-2018 01:12:12.319 INFORMAZIONI [localhost-startStop-2] org.apache.catalina.startup.HostConfig.deployWAR Deployment of web application archive [C:\Users\Contrar18002\Desktop\ContraderNuovoCorso\SecondProject\ContraderFrameworkJSP\apache-tomcat-8.5.24\webapps\contrader.war] has finished in [1,469] ms
20-Mar-2018 01:12:12.972 INFORMAZIONI [Abandoned connection cleanup thread] org.apache.catalina.loader.WebappClassLoaderBase.checkStateForResourceLoading Illegal access: this web application instance has been stopped already. Could not load []. The following stack trace is thrown for debugging purposes as well as to attempt to terminate the thread which caused the illegal access.
 java.lang.IllegalStateException: Illegal access: this web application instance has been stopped already. Could not load []. The following stack trace is thrown for debugging purposes as well as to attempt to terminate the thread which caused the illegal access.
	at org.apache.catalina.loader.WebappClassLoaderBase.checkStateForResourceLoading(WebappClassLoaderBase.java:1311)
	at org.apache.catalina.loader.WebappClassLoaderBase.getResource(WebappClassLoaderBase.java:986)
	at com.mysql.jdbc.AbandonedConnectionCleanupThread.checkContextClassLoaders(AbandonedConnectionCleanupThread.java:90)
	at com.mysql.jdbc.AbandonedConnectionCleanupThread.run(AbandonedConnectionCleanupThread.java:63)
	at java.util.concurrent.ThreadPoolExecutor.runWorker(ThreadPoolExecutor.java:1149)
	at java.util.concurrent.ThreadPoolExecutor$Worker.run(ThreadPoolExecutor.java:624)
	at java.lang.Thread.run(Thread.java:748)

20-Mar-2018 01:12:52.344 INFORMAZIONI [ContainerBackgroundProcessor[StandardEngine[Catalina]]] org.apache.catalina.startup.HostConfig.undeploy Undeploying context [/contrader]
20-Mar-2018 01:12:52.532 INFORMAZIONI [localhost-startStop-3] org.apache.catalina.startup.HostConfig.deployWAR Deploying web application archive [C:\Users\Contrar18002\Desktop\ContraderNuovoCorso\SecondProject\ContraderFrameworkJSP\apache-tomcat-8.5.24\webapps\contrader.war]
20-Mar-2018 01:12:54.157 INFORMAZIONI [localhost-startStop-3] org.apache.jasper.servlet.TldScanner.scanJars At least one JAR was scanned for TLDs yet contained no TLDs. Enable debug logging for this logger for a complete list of JARs that were scanned but no TLDs were found in them. Skipping unneeded JARs during scanning can improve startup time and JSP compilation time.
20-Mar-2018 01:12:54.172 INFORMAZIONI [localhost-startStop-3] org.apache.catalina.startup.HostConfig.deployWAR Deployment of web application archive [C:\Users\Contrar18002\Desktop\ContraderNuovoCorso\SecondProject\ContraderFrameworkJSP\apache-tomcat-8.5.24\webapps\contrader.war] has finished in [1,640] ms
20-Mar-2018 01:13:24.200 INFORMAZIONI [ContainerBackgroundProcessor[StandardEngine[Catalina]]] org.apache.catalina.startup.HostConfig.undeploy Undeploying context [/contrader]
20-Mar-2018 01:13:24.310 INFORMAZIONI [localhost-startStop-4] org.apache.catalina.startup.HostConfig.deployWAR Deploying web application archive [C:\Users\Contrar18002\Desktop\ContraderNuovoCorso\SecondProject\ContraderFrameworkJSP\apache-tomcat-8.5.24\webapps\contrader.war]
20-Mar-2018 01:13:25.613 INFORMAZIONI [localhost-startStop-4] org.apache.jasper.servlet.TldScanner.scanJars At least one JAR was scanned for TLDs yet contained no TLDs. Enable debug logging for this logger for a complete list of JARs that were scanned but no TLDs were found in them. Skipping unneeded JARs during scanning can improve startup time and JSP compilation time.
20-Mar-2018 01:13:25.628 INFORMAZIONI [localhost-startStop-4] org.apache.catalina.startup.HostConfig.deployWAR Deployment of web application archive [C:\Users\Contrar18002\Desktop\ContraderNuovoCorso\SecondProject\ContraderFrameworkJSP\apache-tomcat-8.5.24\webapps\contrader.war] has finished in [1,318] ms
20-Mar-2018 01:17:15.774 INFORMAZIONI [ContainerBackgroundProcessor[StandardEngine[Catalina]]] org.apache.catalina.startup.HostConfig.undeploy Undeploying context [/contrader]
20-Mar-2018 01:17:15.883 INFORMAZIONI [localhost-startStop-5] org.apache.catalina.startup.HostConfig.deployWAR Deploying web application archive [C:\Users\Contrar18002\Desktop\ContraderNuovoCorso\SecondProject\ContraderFrameworkJSP\apache-tomcat-8.5.24\webapps\contrader.war]
20-Mar-2018 01:17:17.149 INFORMAZIONI [localhost-startStop-5] org.apache.jasper.servlet.TldScanner.scanJars At least one JAR was scanned for TLDs yet contained no TLDs. Enable debug logging for this logger for a complete list of JARs that were scanned but no TLDs were found in them. Skipping unneeded JARs during scanning can improve startup time and JSP compilation time.
20-Mar-2018 01:17:17.180 INFORMAZIONI [localhost-startStop-5] org.apache.catalina.startup.HostConfig.deployWAR Deployment of web application archive [C:\Users\Contrar18002\Desktop\ContraderNuovoCorso\SecondProject\ContraderFrameworkJSP\apache-tomcat-8.5.24\webapps\contrader.war] has finished in [1,297] ms
20-Mar-2018 01:17:57.223 INFORMAZIONI [ContainerBackgroundProcessor[StandardEngine[Catalina]]] org.apache.catalina.startup.HostConfig.undeploy Undeploying context [/contrader]
20-Mar-2018 01:17:57.340 INFORMAZIONI [localhost-startStop-6] org.apache.catalina.startup.HostConfig.deployWAR Deploying web application archive [C:\Users\Contrar18002\Desktop\ContraderNuovoCorso\SecondProject\ContraderFrameworkJSP\apache-tomcat-8.5.24\webapps\contrader.war]
20-Mar-2018 01:17:59.017 INFORMAZIONI [localhost-startStop-6] org.apache.jasper.servlet.TldScanner.scanJars At least one JAR was scanned for TLDs yet contained no TLDs. Enable debug logging for this logger for a complete list of JARs that were scanned but no TLDs were found in them. Skipping unneeded JARs during scanning can improve startup time and JSP compilation time.
20-Mar-2018 01:17:59.032 INFORMAZIONI [localhost-startStop-6] org.apache.catalina.startup.HostConfig.deployWAR Deployment of web application archive [C:\Users\Contrar18002\Desktop\ContraderNuovoCorso\SecondProject\ContraderFrameworkJSP\apache-tomcat-8.5.24\webapps\contrader.war] has finished in [1,693] ms
20-Mar-2018 08:26:47.650 INFORMAZIONI [main] org.apache.catalina.startup.VersionLoggerListener.log Server version:        Apache Tomcat/8.5.24
20-Mar-2018 08:26:47.666 INFORMAZIONI [main] org.apache.catalina.startup.VersionLoggerListener.log Server built:          Nov 27 2017 13:05:30 UTC
20-Mar-2018 08:26:47.666 INFORMAZIONI [main] org.apache.catalina.startup.VersionLoggerListener.log Server number:         8.5.24.0
20-Mar-2018 08:26:47.666 INFORMAZIONI [main] org.apache.catalina.startup.VersionLoggerListener.log OS Name:               Windows 10
20-Mar-2018 08:26:47.666 INFORMAZIONI [main] org.apache.catalina.startup.VersionLoggerListener.log OS Version:            10.0
20-Mar-2018 08:26:47.666 INFORMAZIONI [main] org.apache.catalina.startup.VersionLoggerListener.log Architecture:          amd64
20-Mar-2018 08:26:47.666 INFORMAZIONI [main] org.apache.catalina.startup.VersionLoggerListener.log Java Home:             C:\Program Files\Java\jdk1.8.0_144\jre
20-Mar-2018 08:26:47.666 INFORMAZIONI [main] org.apache.catalina.startup.VersionLoggerListener.log JVM Version:           1.8.0_144-b01
20-Mar-2018 08:26:47.666 INFORMAZIONI [main] org.apache.catalina.startup.VersionLoggerListener.log JVM Vendor:            Oracle Corporation
20-Mar-2018 08:26:47.666 INFORMAZIONI [main] org.apache.catalina.startup.VersionLoggerListener.log CATALINA_BASE:         C:\Users\Contrar18002\Desktop\ContraderNuovoCorso\SecondProject\ContraderFrameworkJSP\apache-tomcat-8.5.24
20-Mar-2018 08:26:47.666 INFORMAZIONI [main] org.apache.catalina.startup.VersionLoggerListener.log CATALINA_HOME:         C:\Users\Contrar18002\Desktop\ContraderNuovoCorso\SecondProject\ContraderFrameworkJSP\apache-tomcat-8.5.24
20-Mar-2018 08:26:47.666 INFORMAZIONI [main] org.apache.catalina.startup.VersionLoggerListener.log Command line argument: -Djava.util.logging.config.file=C:\Users\Contrar18002\Desktop\ContraderNuovoCorso\SecondProject\ContraderFrameworkJSP\apache-tomcat-8.5.24\conf\logging.properties
20-Mar-2018 08:26:47.666 INFORMAZIONI [main] org.apache.catalina.startup.VersionLoggerListener.log Command line argument: -Djava.util.logging.manager=org.apache.juli.ClassLoaderLogManager
20-Mar-2018 08:26:47.666 INFORMAZIONI [main] org.apache.catalina.startup.VersionLoggerListener.log Command line argument: -Djdk.tls.ephemeralDHKeySize=2048
20-Mar-2018 08:26:47.666 INFORMAZIONI [main] org.apache.catalina.startup.VersionLoggerListener.log Command line argument: -Djava.protocol.handler.pkgs=org.apache.catalina.webresources
20-Mar-2018 08:26:47.666 INFORMAZIONI [main] org.apache.catalina.startup.VersionLoggerListener.log Command line argument: -Dignore.endorsed.dirs=
20-Mar-2018 08:26:47.666 INFORMAZIONI [main] org.apache.catalina.startup.VersionLoggerListener.log Command line argument: -Dcatalina.base=C:\Users\Contrar18002\Desktop\ContraderNuovoCorso\SecondProject\ContraderFrameworkJSP\apache-tomcat-8.5.24
20-Mar-2018 08:26:47.666 INFORMAZIONI [main] org.apache.catalina.startup.VersionLoggerListener.log Command line argument: -Dcatalina.home=C:\Users\Contrar18002\Desktop\ContraderNuovoCorso\SecondProject\ContraderFrameworkJSP\apache-tomcat-8.5.24
20-Mar-2018 08:26:47.666 INFORMAZIONI [main] org.apache.catalina.startup.VersionLoggerListener.log Command line argument: -Djava.io.tmpdir=C:\Users\Contrar18002\Desktop\ContraderNuovoCorso\SecondProject\ContraderFrameworkJSP\apache-tomcat-8.5.24\temp
20-Mar-2018 08:26:47.666 INFORMAZIONI [main] org.apache.catalina.core.AprLifecycleListener.lifecycleEvent The APR based Apache Tomcat Native library which allows optimal performance in production environments was not found on the java.library.path: [C:\Program Files\Java\jdk1.8.0_144\bin;C:\WINDOWS\Sun\Java\bin;C:\WINDOWS\system32;C:\WINDOWS;C:\ProgramData\Oracle\Java\javapath;C:\WINDOWS\system32;C:\WINDOWS;C:\WINDOWS\System32\Wbem;C:\WINDOWS\System32\WindowsPowerShell\v1.0\;C:\Program Files\Git\cmd;C:\Program Files (x86)\nodejs\;C:\apache-maven-3.5.0\bin;C:\Program Files\dotnet\;C:\Program Files\Microsoft SQL Server\130\Tools\Binn\;C:\Users\Contrar18002\AppData\Local\Microsoft\WindowsApps;C:\Users\Contrar18002\AppData\Roaming\npm;;.]
20-Mar-2018 08:26:47.853 INFORMAZIONI [main] org.apache.coyote.AbstractProtocol.init Initializing ProtocolHandler ["http-nio-8080"]
20-Mar-2018 08:26:48.025 INFORMAZIONI [main] org.apache.tomcat.util.net.NioSelectorPool.getSharedSelector Using a shared selector for servlet write/read
20-Mar-2018 08:26:48.041 INFORMAZIONI [main] org.apache.coyote.AbstractProtocol.init Initializing ProtocolHandler ["ajp-nio-8009"]
20-Mar-2018 08:26:48.056 INFORMAZIONI [main] org.apache.tomcat.util.net.NioSelectorPool.getSharedSelector Using a shared selector for servlet write/read
20-Mar-2018 08:26:48.056 INFORMAZIONI [main] org.apache.catalina.startup.Catalina.load Initialization processed in 1005 ms
20-Mar-2018 08:26:48.103 INFORMAZIONI [main] org.apache.catalina.core.StandardService.startInternal Starting service [Catalina]
20-Mar-2018 08:26:48.103 INFORMAZIONI [main] org.apache.catalina.core.StandardEngine.startInternal Starting Servlet Engine: Apache Tomcat/8.5.24
20-Mar-2018 08:26:48.166 INFORMAZIONI [localhost-startStop-1] org.apache.catalina.startup.HostConfig.deployWAR Deploying web application archive [C:\Users\Contrar18002\Desktop\ContraderNuovoCorso\SecondProject\ContraderFrameworkJSP\apache-tomcat-8.5.24\webapps\bookstore-1.0-SNAPSHOT.war]
20-Mar-2018 08:26:49.166 INFORMAZIONI [localhost-startStop-1] org.apache.jasper.servlet.TldScanner.scanJars At least one JAR was scanned for TLDs yet contained no TLDs. Enable debug logging for this logger for a complete list of JARs that were scanned but no TLDs were found in them. Skipping unneeded JARs during scanning can improve startup time and JSP compilation time.
20-Mar-2018 08:26:49.275 INFORMAZIONI [localhost-startStop-1] org.apache.catalina.startup.HostConfig.deployWAR Deployment of web application archive [C:\Users\Contrar18002\Desktop\ContraderNuovoCorso\SecondProject\ContraderFrameworkJSP\apache-tomcat-8.5.24\webapps\bookstore-1.0-SNAPSHOT.war] has finished in [1,109] ms
20-Mar-2018 08:26:49.306 INFORMAZIONI [localhost-startStop-1] org.apache.catalina.startup.HostConfig.deployWAR Deploying web application archive [C:\Users\Contrar18002\Desktop\ContraderNuovoCorso\SecondProject\ContraderFrameworkJSP\apache-tomcat-8.5.24\webapps\contrader.war]
20-Mar-2018 08:26:51.057 INFORMAZIONI [localhost-startStop-1] org.apache.jasper.servlet.TldScanner.scanJars At least one JAR was scanned for TLDs yet contained no TLDs. Enable debug logging for this logger for a complete list of JARs that were scanned but no TLDs were found in them. Skipping unneeded JARs during scanning can improve startup time and JSP compilation time.
20-Mar-2018 08:26:51.088 INFORMAZIONI [localhost-startStop-1] org.apache.catalina.startup.HostConfig.deployWAR Deployment of web application archive [C:\Users\Contrar18002\Desktop\ContraderNuovoCorso\SecondProject\ContraderFrameworkJSP\apache-tomcat-8.5.24\webapps\contrader.war] has finished in [1,782] ms
20-Mar-2018 08:26:51.088 INFORMAZIONI [localhost-startStop-1] org.apache.catalina.startup.HostConfig.deployDirectory Deploying web application directory [C:\Users\Contrar18002\Desktop\ContraderNuovoCorso\SecondProject\ContraderFrameworkJSP\apache-tomcat-8.5.24\webapps\docs]
20-Mar-2018 08:26:51.135 INFORMAZIONI [localhost-startStop-1] org.apache.catalina.startup.HostConfig.deployDirectory Deployment of web application directory [C:\Users\Contrar18002\Desktop\ContraderNuovoCorso\SecondProject\ContraderFrameworkJSP\apache-tomcat-8.5.24\webapps\docs] has finished in [47] ms
20-Mar-2018 08:26:51.135 INFORMAZIONI [localhost-startStop-1] org.apache.catalina.startup.HostConfig.deployDirectory Deploying web application directory [C:\Users\Contrar18002\Desktop\ContraderNuovoCorso\SecondProject\ContraderFrameworkJSP\apache-tomcat-8.5.24\webapps\examples]
20-Mar-2018 08:26:52.666 INFORMAZIONI [localhost-startStop-1] org.apache.catalina.startup.HostConfig.deployDirectory Deployment of web application directory [C:\Users\Contrar18002\Desktop\ContraderNuovoCorso\SecondProject\ContraderFrameworkJSP\apache-tomcat-8.5.24\webapps\examples] has finished in [1,531] ms
20-Mar-2018 08:26:52.666 INFORMAZIONI [localhost-startStop-1] org.apache.catalina.startup.HostConfig.deployDirectory Deploying web application directory [C:\Users\Contrar18002\Desktop\ContraderNuovoCorso\SecondProject\ContraderFrameworkJSP\apache-tomcat-8.5.24\webapps\host-manager]
20-Mar-2018 08:26:52.744 INFORMAZIONI [localhost-startStop-1] org.apache.catalina.startup.HostConfig.deployDirectory Deployment of web application directory [C:\Users\Contrar18002\Desktop\ContraderNuovoCorso\SecondProject\ContraderFrameworkJSP\apache-tomcat-8.5.24\webapps\host-manager] has finished in [78] ms
20-Mar-2018 08:26:52.744 INFORMAZIONI [localhost-startStop-1] org.apache.catalina.startup.HostConfig.deployDirectory Deploying web application directory [C:\Users\Contrar18002\Desktop\ContraderNuovoCorso\SecondProject\ContraderFrameworkJSP\apache-tomcat-8.5.24\webapps\manager]
20-Mar-2018 08:26:52.807 INFORMAZIONI [localhost-startStop-1] org.apache.catalina.startup.HostConfig.deployDirectory Deployment of web application directory [C:\Users\Contrar18002\Desktop\ContraderNuovoCorso\SecondProject\ContraderFrameworkJSP\apache-tomcat-8.5.24\webapps\manager] has finished in [63] ms
20-Mar-2018 08:26:52.807 INFORMAZIONI [localhost-startStop-1] org.apache.catalina.startup.HostConfig.deployDirectory Deploying web application directory [C:\Users\Contrar18002\Desktop\ContraderNuovoCorso\SecondProject\ContraderFrameworkJSP\apache-tomcat-8.5.24\webapps\ROOT]
20-Mar-2018 08:26:52.838 INFORMAZIONI [localhost-startStop-1] org.apache.catalina.startup.HostConfig.deployDirectory Deployment of web application directory [C:\Users\Contrar18002\Desktop\ContraderNuovoCorso\SecondProject\ContraderFrameworkJSP\apache-tomcat-8.5.24\webapps\ROOT] has finished in [31] ms
20-Mar-2018 08:26:52.838 INFORMAZIONI [main] org.apache.coyote.AbstractProtocol.start Starting ProtocolHandler ["http-nio-8080"]
20-Mar-2018 08:26:52.853 INFORMAZIONI [main] org.apache.coyote.AbstractProtocol.start Starting ProtocolHandler ["ajp-nio-8009"]
20-Mar-2018 08:26:52.853 INFORMAZIONI [main] org.apache.catalina.startup.Catalina.start Server startup in 4806 ms
20-Mar-2018 08:27:02.841 INFORMAZIONI [ContainerBackgroundProcessor[StandardEngine[Catalina]]] org.apache.catalina.startup.HostConfig.undeploy Undeploying context [/contrader]
20-Mar-2018 08:27:03.075 INFORMAZIONI [localhost-startStop-2] org.apache.catalina.startup.HostConfig.deployWAR Deploying web application archive [C:\Users\Contrar18002\Desktop\ContraderNuovoCorso\SecondProject\ContraderFrameworkJSP\apache-tomcat-8.5.24\webapps\contrader.war]
20-Mar-2018 08:27:05.274 INFORMAZIONI [localhost-startStop-2] org.apache.jasper.servlet.TldScanner.scanJars At least one JAR was scanned for TLDs yet contained no TLDs. Enable debug logging for this logger for a complete list of JARs that were scanned but no TLDs were found in them. Skipping unneeded JARs during scanning can improve startup time and JSP compilation time.
20-Mar-2018 08:27:05.362 INFORMAZIONI [localhost-startStop-2] org.apache.catalina.startup.HostConfig.deployWAR Deployment of web application archive [C:\Users\Contrar18002\Desktop\ContraderNuovoCorso\SecondProject\ContraderFrameworkJSP\apache-tomcat-8.5.24\webapps\contrader.war] has finished in [2,287] ms
20-Mar-2018 08:27:47.895 INFORMAZIONI [http-nio-8080-exec-11] org.springframework.jdbc.datasource.DriverManagerDataSource.setDriverClassName Loaded JDBC driver: com.mysql.jdbc.Driver
20-Mar-2018 08:37:45.992 INFORMAZIONI [ContainerBackgroundProcessor[StandardEngine[Catalina]]] org.apache.catalina.startup.HostConfig.undeploy Undeploying context [/contrader]
20-Mar-2018 08:37:46.088 AVVERTENZA [ContainerBackgroundProcessor[StandardEngine[Catalina]]] org.apache.catalina.loader.WebappClassLoaderBase.clearReferencesJdbc The web application [contrader] registered the JDBC driver [com.mysql.jdbc.Driver] but failed to unregister it when the web application was stopped. To prevent a memory leak, the JDBC Driver has been forcibly unregistered.
20-Mar-2018 08:37:46.088 AVVERTENZA [ContainerBackgroundProcessor[StandardEngine[Catalina]]] org.apache.catalina.loader.WebappClassLoaderBase.clearReferencesThreads The web application [contrader] appears to have started a thread named [Abandoned connection cleanup thread] but has failed to stop it. This is very likely to create a memory leak. Stack trace of thread:
 java.lang.Object.wait(Native Method)
 java.lang.ref.ReferenceQueue.remove(ReferenceQueue.java:143)
 com.mysql.jdbc.AbandonedConnectionCleanupThread.run(AbandonedConnectionCleanupThread.java:64)
 java.util.concurrent.ThreadPoolExecutor.runWorker(ThreadPoolExecutor.java:1149)
 java.util.concurrent.ThreadPoolExecutor$Worker.run(ThreadPoolExecutor.java:624)
 java.lang.Thread.run(Thread.java:748)
20-Mar-2018 08:37:46.276 INFORMAZIONI [localhost-startStop-3] org.apache.catalina.startup.HostConfig.deployWAR Deploying web application archive [C:\Users\Contrar18002\Desktop\ContraderNuovoCorso\SecondProject\ContraderFrameworkJSP\apache-tomcat-8.5.24\webapps\contrader.war]
20-Mar-2018 08:37:48.301 INFORMAZIONI [localhost-startStop-3] org.apache.jasper.servlet.TldScanner.scanJars At least one JAR was scanned for TLDs yet contained no TLDs. Enable debug logging for this logger for a complete list of JARs that were scanned but no TLDs were found in them. Skipping unneeded JARs during scanning can improve startup time and JSP compilation time.
20-Mar-2018 08:37:48.316 INFORMAZIONI [localhost-startStop-3] org.apache.catalina.startup.HostConfig.deployWAR Deployment of web application archive [C:\Users\Contrar18002\Desktop\ContraderNuovoCorso\SecondProject\ContraderFrameworkJSP\apache-tomcat-8.5.24\webapps\contrader.war] has finished in [2,040] ms
20-Mar-2018 08:37:49.366 INFORMAZIONI [Abandoned connection cleanup thread] org.apache.catalina.loader.WebappClassLoaderBase.checkStateForResourceLoading Illegal access: this web application instance has been stopped already. Could not load []. The following stack trace is thrown for debugging purposes as well as to attempt to terminate the thread which caused the illegal access.
 java.lang.IllegalStateException: Illegal access: this web application instance has been stopped already. Could not load []. The following stack trace is thrown for debugging purposes as well as to attempt to terminate the thread which caused the illegal access.
	at org.apache.catalina.loader.WebappClassLoaderBase.checkStateForResourceLoading(WebappClassLoaderBase.java:1311)
	at org.apache.catalina.loader.WebappClassLoaderBase.getResource(WebappClassLoaderBase.java:986)
	at com.mysql.jdbc.AbandonedConnectionCleanupThread.checkContextClassLoaders(AbandonedConnectionCleanupThread.java:90)
	at com.mysql.jdbc.AbandonedConnectionCleanupThread.run(AbandonedConnectionCleanupThread.java:63)
	at java.util.concurrent.ThreadPoolExecutor.runWorker(ThreadPoolExecutor.java:1149)
	at java.util.concurrent.ThreadPoolExecutor$Worker.run(ThreadPoolExecutor.java:624)
	at java.lang.Thread.run(Thread.java:748)

20-Mar-2018 08:38:03.936 INFORMAZIONI [http-nio-8080-exec-12] org.springframework.jdbc.datasource.DriverManagerDataSource.setDriverClassName Loaded JDBC driver: com.mysql.jdbc.Driver
20-Mar-2018 08:40:38.495 INFORMAZIONI [ContainerBackgroundProcessor[StandardEngine[Catalina]]] org.apache.catalina.startup.HostConfig.undeploy Undeploying context [/contrader]
20-Mar-2018 08:40:38.510 AVVERTENZA [ContainerBackgroundProcessor[StandardEngine[Catalina]]] org.apache.catalina.loader.WebappClassLoaderBase.clearReferencesJdbc The web application [contrader] registered the JDBC driver [com.mysql.jdbc.Driver] but failed to unregister it when the web application was stopped. To prevent a memory leak, the JDBC Driver has been forcibly unregistered.
20-Mar-2018 08:40:38.510 AVVERTENZA [ContainerBackgroundProcessor[StandardEngine[Catalina]]] org.apache.catalina.loader.WebappClassLoaderBase.clearReferencesThreads The web application [contrader] appears to have started a thread named [Abandoned connection cleanup thread] but has failed to stop it. This is very likely to create a memory leak. Stack trace of thread:
 java.lang.Object.wait(Native Method)
 java.lang.ref.ReferenceQueue.remove(ReferenceQueue.java:143)
 com.mysql.jdbc.AbandonedConnectionCleanupThread.run(AbandonedConnectionCleanupThread.java:64)
 java.util.concurrent.ThreadPoolExecutor.runWorker(ThreadPoolExecutor.java:1149)
 java.util.concurrent.ThreadPoolExecutor$Worker.run(ThreadPoolExecutor.java:624)
 java.lang.Thread.run(Thread.java:748)
20-Mar-2018 08:40:38.620 INFORMAZIONI [localhost-startStop-4] org.apache.catalina.startup.HostConfig.deployWAR Deploying web application archive [C:\Users\Contrar18002\Desktop\ContraderNuovoCorso\SecondProject\ContraderFrameworkJSP\apache-tomcat-8.5.24\webapps\contrader.war]
20-Mar-2018 08:40:39.276 INFORMAZIONI [Abandoned connection cleanup thread] org.apache.catalina.loader.WebappClassLoaderBase.checkStateForResourceLoading Illegal access: this web application instance has been stopped already. Could not load []. The following stack trace is thrown for debugging purposes as well as to attempt to terminate the thread which caused the illegal access.
 java.lang.IllegalStateException: Illegal access: this web application instance has been stopped already. Could not load []. The following stack trace is thrown for debugging purposes as well as to attempt to terminate the thread which caused the illegal access.
	at org.apache.catalina.loader.WebappClassLoaderBase.checkStateForResourceLoading(WebappClassLoaderBase.java:1311)
	at org.apache.catalina.loader.WebappClassLoaderBase.getResource(WebappClassLoaderBase.java:986)
	at com.mysql.jdbc.AbandonedConnectionCleanupThread.checkContextClassLoaders(AbandonedConnectionCleanupThread.java:90)
	at com.mysql.jdbc.AbandonedConnectionCleanupThread.run(AbandonedConnectionCleanupThread.java:63)
	at java.util.concurrent.ThreadPoolExecutor.runWorker(ThreadPoolExecutor.java:1149)
	at java.util.concurrent.ThreadPoolExecutor$Worker.run(ThreadPoolExecutor.java:624)
	at java.lang.Thread.run(Thread.java:748)

20-Mar-2018 08:40:39.885 INFORMAZIONI [localhost-startStop-4] org.apache.jasper.servlet.TldScanner.scanJars At least one JAR was scanned for TLDs yet contained no TLDs. Enable debug logging for this logger for a complete list of JARs that were scanned but no TLDs were found in them. Skipping unneeded JARs during scanning can improve startup time and JSP compilation time.
20-Mar-2018 08:40:39.901 INFORMAZIONI [localhost-startStop-4] org.apache.catalina.startup.HostConfig.deployWAR Deployment of web application archive [C:\Users\Contrar18002\Desktop\ContraderNuovoCorso\SecondProject\ContraderFrameworkJSP\apache-tomcat-8.5.24\webapps\contrader.war] has finished in [1,281] ms
20-Mar-2018 08:40:57.040 INFORMAZIONI [http-nio-8080-exec-23] org.springframework.jdbc.datasource.DriverManagerDataSource.setDriverClassName Loaded JDBC driver: com.mysql.jdbc.Driver
20-Mar-2018 09:21:12.984 INFORMAZIONI [main] org.apache.catalina.startup.VersionLoggerListener.log Server version:        Apache Tomcat/8.5.24
20-Mar-2018 09:21:13.062 INFORMAZIONI [main] org.apache.catalina.startup.VersionLoggerListener.log Server built:          Nov 27 2017 13:05:30 UTC
20-Mar-2018 09:21:13.078 INFORMAZIONI [main] org.apache.catalina.startup.VersionLoggerListener.log Server number:         8.5.24.0
20-Mar-2018 09:21:13.078 INFORMAZIONI [main] org.apache.catalina.startup.VersionLoggerListener.log OS Name:               Windows 10
20-Mar-2018 09:21:13.078 INFORMAZIONI [main] org.apache.catalina.startup.VersionLoggerListener.log OS Version:            10.0
20-Mar-2018 09:21:13.078 INFORMAZIONI [main] org.apache.catalina.startup.VersionLoggerListener.log Architecture:          amd64
20-Mar-2018 09:21:13.078 INFORMAZIONI [main] org.apache.catalina.startup.VersionLoggerListener.log Java Home:             C:\Program Files\Java\jdk1.8.0_144\jre
20-Mar-2018 09:21:13.078 INFORMAZIONI [main] org.apache.catalina.startup.VersionLoggerListener.log JVM Version:           1.8.0_144-b01
20-Mar-2018 09:21:13.078 INFORMAZIONI [main] org.apache.catalina.startup.VersionLoggerListener.log JVM Vendor:            Oracle Corporation
20-Mar-2018 09:21:13.078 INFORMAZIONI [main] org.apache.catalina.startup.VersionLoggerListener.log CATALINA_BASE:         C:\Users\Contrar18002\Desktop\ContraderNuovoCorso\SecondProject\ContraderFrameworkJSP\apache-tomcat-8.5.24
20-Mar-2018 09:21:13.078 INFORMAZIONI [main] org.apache.catalina.startup.VersionLoggerListener.log CATALINA_HOME:         C:\Users\Contrar18002\Desktop\ContraderNuovoCorso\SecondProject\ContraderFrameworkJSP\apache-tomcat-8.5.24
20-Mar-2018 09:21:13.078 INFORMAZIONI [main] org.apache.catalina.startup.VersionLoggerListener.log Command line argument: -Djava.util.logging.config.file=C:\Users\Contrar18002\Desktop\ContraderNuovoCorso\SecondProject\ContraderFrameworkJSP\apache-tomcat-8.5.24\conf\logging.properties
20-Mar-2018 09:21:13.078 INFORMAZIONI [main] org.apache.catalina.startup.VersionLoggerListener.log Command line argument: -Djava.util.logging.manager=org.apache.juli.ClassLoaderLogManager
20-Mar-2018 09:21:13.078 INFORMAZIONI [main] org.apache.catalina.startup.VersionLoggerListener.log Command line argument: -Djdk.tls.ephemeralDHKeySize=2048
20-Mar-2018 09:21:13.078 INFORMAZIONI [main] org.apache.catalina.startup.VersionLoggerListener.log Command line argument: -Djava.protocol.handler.pkgs=org.apache.catalina.webresources
20-Mar-2018 09:21:13.078 INFORMAZIONI [main] org.apache.catalina.startup.VersionLoggerListener.log Command line argument: -Dignore.endorsed.dirs=
20-Mar-2018 09:21:13.078 INFORMAZIONI [main] org.apache.catalina.startup.VersionLoggerListener.log Command line argument: -Dcatalina.base=C:\Users\Contrar18002\Desktop\ContraderNuovoCorso\SecondProject\ContraderFrameworkJSP\apache-tomcat-8.5.24
20-Mar-2018 09:21:13.078 INFORMAZIONI [main] org.apache.catalina.startup.VersionLoggerListener.log Command line argument: -Dcatalina.home=C:\Users\Contrar18002\Desktop\ContraderNuovoCorso\SecondProject\ContraderFrameworkJSP\apache-tomcat-8.5.24
20-Mar-2018 09:21:13.078 INFORMAZIONI [main] org.apache.catalina.startup.VersionLoggerListener.log Command line argument: -Djava.io.tmpdir=C:\Users\Contrar18002\Desktop\ContraderNuovoCorso\SecondProject\ContraderFrameworkJSP\apache-tomcat-8.5.24\temp
20-Mar-2018 09:21:13.078 INFORMAZIONI [main] org.apache.catalina.core.AprLifecycleListener.lifecycleEvent The APR based Apache Tomcat Native library which allows optimal performance in production environments was not found on the java.library.path: [C:\Program Files\Java\jdk1.8.0_144\bin;C:\WINDOWS\Sun\Java\bin;C:\WINDOWS\system32;C:\WINDOWS;C:\ProgramData\Oracle\Java\javapath;C:\WINDOWS\system32;C:\WINDOWS;C:\WINDOWS\System32\Wbem;C:\WINDOWS\System32\WindowsPowerShell\v1.0\;C:\Program Files\Git\cmd;C:\Program Files (x86)\nodejs\;C:\apache-maven-3.5.0\bin;C:\Program Files\dotnet\;C:\Program Files\Microsoft SQL Server\130\Tools\Binn\;C:\Users\Contrar18002\AppData\Local\Microsoft\WindowsApps;C:\Users\Contrar18002\AppData\Roaming\npm;;.]
20-Mar-2018 09:21:14.188 INFORMAZIONI [main] org.apache.coyote.AbstractProtocol.init Initializing ProtocolHandler ["http-nio-8080"]
20-Mar-2018 09:21:14.547 INFORMAZIONI [main] org.apache.tomcat.util.net.NioSelectorPool.getSharedSelector Using a shared selector for servlet write/read
20-Mar-2018 09:21:14.578 INFORMAZIONI [main] org.apache.coyote.AbstractProtocol.init Initializing ProtocolHandler ["ajp-nio-8009"]
20-Mar-2018 09:21:14.578 INFORMAZIONI [main] org.apache.tomcat.util.net.NioSelectorPool.getSharedSelector Using a shared selector for servlet write/read
20-Mar-2018 09:21:14.578 INFORMAZIONI [main] org.apache.catalina.startup.Catalina.load Initialization processed in 2809 ms
20-Mar-2018 09:21:14.672 INFORMAZIONI [main] org.apache.catalina.core.StandardService.startInternal Starting service [Catalina]
20-Mar-2018 09:21:14.672 INFORMAZIONI [main] org.apache.catalina.core.StandardEngine.startInternal Starting Servlet Engine: Apache Tomcat/8.5.24
20-Mar-2018 09:21:14.766 INFORMAZIONI [localhost-startStop-1] org.apache.catalina.startup.HostConfig.deployWAR Deploying web application archive [C:\Users\Contrar18002\Desktop\ContraderNuovoCorso\SecondProject\ContraderFrameworkJSP\apache-tomcat-8.5.24\webapps\bookstore-1.0-SNAPSHOT.war]
20-Mar-2018 09:21:16.391 INFORMAZIONI [localhost-startStop-1] org.apache.jasper.servlet.TldScanner.scanJars At least one JAR was scanned for TLDs yet contained no TLDs. Enable debug logging for this logger for a complete list of JARs that were scanned but no TLDs were found in them. Skipping unneeded JARs during scanning can improve startup time and JSP compilation time.
20-Mar-2018 09:21:16.578 INFORMAZIONI [localhost-startStop-1] org.apache.catalina.startup.HostConfig.deployWAR Deployment of web application archive [C:\Users\Contrar18002\Desktop\ContraderNuovoCorso\SecondProject\ContraderFrameworkJSP\apache-tomcat-8.5.24\webapps\bookstore-1.0-SNAPSHOT.war] has finished in [1,812] ms
20-Mar-2018 09:21:16.625 INFORMAZIONI [localhost-startStop-1] org.apache.catalina.startup.HostConfig.deployWAR Deploying web application archive [C:\Users\Contrar18002\Desktop\ContraderNuovoCorso\SecondProject\ContraderFrameworkJSP\apache-tomcat-8.5.24\webapps\contrader.war]
20-Mar-2018 09:21:18.656 INFORMAZIONI [localhost-startStop-1] org.apache.jasper.servlet.TldScanner.scanJars At least one JAR was scanned for TLDs yet contained no TLDs. Enable debug logging for this logger for a complete list of JARs that were scanned but no TLDs were found in them. Skipping unneeded JARs during scanning can improve startup time and JSP compilation time.
20-Mar-2018 09:21:18.688 INFORMAZIONI [localhost-startStop-1] org.apache.catalina.startup.HostConfig.deployWAR Deployment of web application archive [C:\Users\Contrar18002\Desktop\ContraderNuovoCorso\SecondProject\ContraderFrameworkJSP\apache-tomcat-8.5.24\webapps\contrader.war] has finished in [2,063] ms
20-Mar-2018 09:21:18.688 INFORMAZIONI [localhost-startStop-1] org.apache.catalina.startup.HostConfig.deployDirectory Deploying web application directory [C:\Users\Contrar18002\Desktop\ContraderNuovoCorso\SecondProject\ContraderFrameworkJSP\apache-tomcat-8.5.24\webapps\docs]
20-Mar-2018 09:21:18.735 INFORMAZIONI [localhost-startStop-1] org.apache.catalina.startup.HostConfig.deployDirectory Deployment of web application directory [C:\Users\Contrar18002\Desktop\ContraderNuovoCorso\SecondProject\ContraderFrameworkJSP\apache-tomcat-8.5.24\webapps\docs] has finished in [47] ms
20-Mar-2018 09:21:18.735 INFORMAZIONI [localhost-startStop-1] org.apache.catalina.startup.HostConfig.deployDirectory Deploying web application directory [C:\Users\Contrar18002\Desktop\ContraderNuovoCorso\SecondProject\ContraderFrameworkJSP\apache-tomcat-8.5.24\webapps\examples]
20-Mar-2018 09:21:20.610 INFORMAZIONI [localhost-startStop-1] org.apache.catalina.startup.HostConfig.deployDirectory Deployment of web application directory [C:\Users\Contrar18002\Desktop\ContraderNuovoCorso\SecondProject\ContraderFrameworkJSP\apache-tomcat-8.5.24\webapps\examples] has finished in [1,875] ms
20-Mar-2018 09:21:20.610 INFORMAZIONI [localhost-startStop-1] org.apache.catalina.startup.HostConfig.deployDirectory Deploying web application directory [C:\Users\Contrar18002\Desktop\ContraderNuovoCorso\SecondProject\ContraderFrameworkJSP\apache-tomcat-8.5.24\webapps\host-manager]
20-Mar-2018 09:21:20.703 INFORMAZIONI [localhost-startStop-1] org.apache.catalina.startup.HostConfig.deployDirectory Deployment of web application directory [C:\Users\Contrar18002\Desktop\ContraderNuovoCorso\SecondProject\ContraderFrameworkJSP\apache-tomcat-8.5.24\webapps\host-manager] has finished in [93] ms
20-Mar-2018 09:21:20.703 INFORMAZIONI [localhost-startStop-1] org.apache.catalina.startup.HostConfig.deployDirectory Deploying web application directory [C:\Users\Contrar18002\Desktop\ContraderNuovoCorso\SecondProject\ContraderFrameworkJSP\apache-tomcat-8.5.24\webapps\manager]
20-Mar-2018 09:21:20.766 INFORMAZIONI [localhost-startStop-1] org.apache.catalina.startup.HostConfig.deployDirectory Deployment of web application directory [C:\Users\Contrar18002\Desktop\ContraderNuovoCorso\SecondProject\ContraderFrameworkJSP\apache-tomcat-8.5.24\webapps\manager] has finished in [63] ms
20-Mar-2018 09:21:20.766 INFORMAZIONI [localhost-startStop-1] org.apache.catalina.startup.HostConfig.deployDirectory Deploying web application directory [C:\Users\Contrar18002\Desktop\ContraderNuovoCorso\SecondProject\ContraderFrameworkJSP\apache-tomcat-8.5.24\webapps\ROOT]
20-Mar-2018 09:21:20.797 INFORMAZIONI [localhost-startStop-1] org.apache.catalina.startup.HostConfig.deployDirectory Deployment of web application directory [C:\Users\Contrar18002\Desktop\ContraderNuovoCorso\SecondProject\ContraderFrameworkJSP\apache-tomcat-8.5.24\webapps\ROOT] has finished in [31] ms
20-Mar-2018 09:21:20.813 INFORMAZIONI [main] org.apache.coyote.AbstractProtocol.start Starting ProtocolHandler ["http-nio-8080"]
20-Mar-2018 09:21:20.828 INFORMAZIONI [main] org.apache.coyote.AbstractProtocol.start Starting ProtocolHandler ["ajp-nio-8009"]
20-Mar-2018 09:21:20.828 INFORMAZIONI [main] org.apache.catalina.startup.Catalina.start Server startup in 6246 ms
20-Mar-2018 09:21:50.834 INFORMAZIONI [ContainerBackgroundProcessor[StandardEngine[Catalina]]] org.apache.catalina.startup.HostConfig.undeploy Undeploying context [/contrader]
20-Mar-2018 09:21:50.974 INFORMAZIONI [localhost-startStop-2] org.apache.catalina.startup.HostConfig.deployWAR Deploying web application archive [C:\Users\Contrar18002\Desktop\ContraderNuovoCorso\SecondProject\ContraderFrameworkJSP\apache-tomcat-8.5.24\webapps\contrader.war]
20-Mar-2018 09:21:52.474 INFORMAZIONI [localhost-startStop-2] org.apache.jasper.servlet.TldScanner.scanJars At least one JAR was scanned for TLDs yet contained no TLDs. Enable debug logging for this logger for a complete list of JARs that were scanned but no TLDs were found in them. Skipping unneeded JARs during scanning can improve startup time and JSP compilation time.
20-Mar-2018 09:21:52.490 INFORMAZIONI [localhost-startStop-2] org.apache.catalina.startup.HostConfig.deployWAR Deployment of web application archive [C:\Users\Contrar18002\Desktop\ContraderNuovoCorso\SecondProject\ContraderFrameworkJSP\apache-tomcat-8.5.24\webapps\contrader.war] has finished in [1,516] ms
20-Mar-2018 09:22:31.448 INFORMAZIONI [http-nio-8080-exec-1] org.springframework.jdbc.datasource.DriverManagerDataSource.setDriverClassName Loaded JDBC driver: com.mysql.jdbc.Driver
20-Mar-2018 09:27:42.683 INFORMAZIONI [ContainerBackgroundProcessor[StandardEngine[Catalina]]] org.apache.catalina.startup.HostConfig.undeploy Undeploying context [/contrader]
20-Mar-2018 09:27:42.761 AVVERTENZA [ContainerBackgroundProcessor[StandardEngine[Catalina]]] org.apache.catalina.loader.WebappClassLoaderBase.clearReferencesJdbc The web application [contrader] registered the JDBC driver [com.mysql.jdbc.Driver] but failed to unregister it when the web application was stopped. To prevent a memory leak, the JDBC Driver has been forcibly unregistered.
20-Mar-2018 09:27:42.761 AVVERTENZA [ContainerBackgroundProcessor[StandardEngine[Catalina]]] org.apache.catalina.loader.WebappClassLoaderBase.clearReferencesThreads The web application [contrader] appears to have started a thread named [Abandoned connection cleanup thread] but has failed to stop it. This is very likely to create a memory leak. Stack trace of thread:
 java.lang.Object.wait(Native Method)
 java.lang.ref.ReferenceQueue.remove(ReferenceQueue.java:143)
 com.mysql.jdbc.AbandonedConnectionCleanupThread.run(AbandonedConnectionCleanupThread.java:64)
 java.util.concurrent.ThreadPoolExecutor.runWorker(ThreadPoolExecutor.java:1149)
 java.util.concurrent.ThreadPoolExecutor$Worker.run(ThreadPoolExecutor.java:624)
 java.lang.Thread.run(Thread.java:748)
20-Mar-2018 09:27:42.886 INFORMAZIONI [localhost-startStop-3] org.apache.catalina.startup.HostConfig.deployWAR Deploying web application archive [C:\Users\Contrar18002\Desktop\ContraderNuovoCorso\SecondProject\ContraderFrameworkJSP\apache-tomcat-8.5.24\webapps\contrader.war]
20-Mar-2018 09:27:44.183 INFORMAZIONI [localhost-startStop-3] org.apache.jasper.servlet.TldScanner.scanJars At least one JAR was scanned for TLDs yet contained no TLDs. Enable debug logging for this logger for a complete list of JARs that were scanned but no TLDs were found in them. Skipping unneeded JARs during scanning can improve startup time and JSP compilation time.
20-Mar-2018 09:27:44.214 INFORMAZIONI [localhost-startStop-3] org.apache.catalina.startup.HostConfig.deployWAR Deployment of web application archive [C:\Users\Contrar18002\Desktop\ContraderNuovoCorso\SecondProject\ContraderFrameworkJSP\apache-tomcat-8.5.24\webapps\contrader.war] has finished in [1,328] ms
20-Mar-2018 09:27:47.277 INFORMAZIONI [Abandoned connection cleanup thread] org.apache.catalina.loader.WebappClassLoaderBase.checkStateForResourceLoading Illegal access: this web application instance has been stopped already. Could not load []. The following stack trace is thrown for debugging purposes as well as to attempt to terminate the thread which caused the illegal access.
 java.lang.IllegalStateException: Illegal access: this web application instance has been stopped already. Could not load []. The following stack trace is thrown for debugging purposes as well as to attempt to terminate the thread which caused the illegal access.
	at org.apache.catalina.loader.WebappClassLoaderBase.checkStateForResourceLoading(WebappClassLoaderBase.java:1311)
	at org.apache.catalina.loader.WebappClassLoaderBase.getResource(WebappClassLoaderBase.java:986)
	at com.mysql.jdbc.AbandonedConnectionCleanupThread.checkContextClassLoaders(AbandonedConnectionCleanupThread.java:90)
	at com.mysql.jdbc.AbandonedConnectionCleanupThread.run(AbandonedConnectionCleanupThread.java:63)
	at java.util.concurrent.ThreadPoolExecutor.runWorker(ThreadPoolExecutor.java:1149)
	at java.util.concurrent.ThreadPoolExecutor$Worker.run(ThreadPoolExecutor.java:624)
	at java.lang.Thread.run(Thread.java:748)

20-Mar-2018 09:28:07.082 INFORMAZIONI [http-nio-8080-exec-12] org.springframework.jdbc.datasource.DriverManagerDataSource.setDriverClassName Loaded JDBC driver: com.mysql.jdbc.Driver
20-Mar-2018 11:22:37.600 INFORMAZIONI [ContainerBackgroundProcessor[StandardEngine[Catalina]]] org.apache.catalina.startup.HostConfig.undeploy Undeploying context [/contrader]
20-Mar-2018 11:22:37.628 AVVERTENZA [ContainerBackgroundProcessor[StandardEngine[Catalina]]] org.apache.catalina.loader.WebappClassLoaderBase.clearReferencesJdbc The web application [contrader] registered the JDBC driver [com.mysql.jdbc.Driver] but failed to unregister it when the web application was stopped. To prevent a memory leak, the JDBC Driver has been forcibly unregistered.
20-Mar-2018 11:22:37.628 AVVERTENZA [ContainerBackgroundProcessor[StandardEngine[Catalina]]] org.apache.catalina.loader.WebappClassLoaderBase.clearReferencesThreads The web application [contrader] appears to have started a thread named [Abandoned connection cleanup thread] but has failed to stop it. This is very likely to create a memory leak. Stack trace of thread:
 java.lang.Object.wait(Native Method)
 java.lang.ref.ReferenceQueue.remove(ReferenceQueue.java:143)
 com.mysql.jdbc.AbandonedConnectionCleanupThread.run(AbandonedConnectionCleanupThread.java:64)
 java.util.concurrent.ThreadPoolExecutor.runWorker(ThreadPoolExecutor.java:1149)
 java.util.concurrent.ThreadPoolExecutor$Worker.run(ThreadPoolExecutor.java:624)
 java.lang.Thread.run(Thread.java:748)
20-Mar-2018 11:22:37.804 INFORMAZIONI [localhost-startStop-4] org.apache.catalina.startup.HostConfig.deployWAR Deploying web application archive [C:\Users\Contrar18002\Desktop\ContraderNuovoCorso\SecondProject\ContraderFrameworkJSP\apache-tomcat-8.5.24\webapps\contrader.war]
20-Mar-2018 11:22:39.396 INFORMAZIONI [localhost-startStop-4] org.apache.jasper.servlet.TldScanner.scanJars At least one JAR was scanned for TLDs yet contained no TLDs. Enable debug logging for this logger for a complete list of JARs that were scanned but no TLDs were found in them. Skipping unneeded JARs during scanning can improve startup time and JSP compilation time.
20-Mar-2018 11:22:39.436 INFORMAZIONI [localhost-startStop-4] org.apache.catalina.startup.HostConfig.deployWAR Deployment of web application archive [C:\Users\Contrar18002\Desktop\ContraderNuovoCorso\SecondProject\ContraderFrameworkJSP\apache-tomcat-8.5.24\webapps\contrader.war] has finished in [1,632] ms
20-Mar-2018 11:22:41.844 INFORMAZIONI [Abandoned connection cleanup thread] org.apache.catalina.loader.WebappClassLoaderBase.checkStateForResourceLoading Illegal access: this web application instance has been stopped already. Could not load []. The following stack trace is thrown for debugging purposes as well as to attempt to terminate the thread which caused the illegal access.
 java.lang.IllegalStateException: Illegal access: this web application instance has been stopped already. Could not load []. The following stack trace is thrown for debugging purposes as well as to attempt to terminate the thread which caused the illegal access.
	at org.apache.catalina.loader.WebappClassLoaderBase.checkStateForResourceLoading(WebappClassLoaderBase.java:1311)
	at org.apache.catalina.loader.WebappClassLoaderBase.getResource(WebappClassLoaderBase.java:986)
	at com.mysql.jdbc.AbandonedConnectionCleanupThread.checkContextClassLoaders(AbandonedConnectionCleanupThread.java:90)
	at com.mysql.jdbc.AbandonedConnectionCleanupThread.run(AbandonedConnectionCleanupThread.java:63)
	at java.util.concurrent.ThreadPoolExecutor.runWorker(ThreadPoolExecutor.java:1149)
	at java.util.concurrent.ThreadPoolExecutor$Worker.run(ThreadPoolExecutor.java:624)
	at java.lang.Thread.run(Thread.java:748)

20-Mar-2018 11:41:40.218 INFORMAZIONI [ContainerBackgroundProcessor[StandardEngine[Catalina]]] org.apache.catalina.startup.HostConfig.undeploy Undeploying context [/contrader]
20-Mar-2018 11:41:40.357 INFORMAZIONI [localhost-startStop-5] org.apache.catalina.startup.HostConfig.deployWAR Deploying web application archive [C:\Users\Contrar18002\Desktop\ContraderNuovoCorso\SecondProject\ContraderFrameworkJSP\apache-tomcat-8.5.24\webapps\contrader.war]
20-Mar-2018 11:41:42.003 INFORMAZIONI [localhost-startStop-5] org.apache.jasper.servlet.TldScanner.scanJars At least one JAR was scanned for TLDs yet contained no TLDs. Enable debug logging for this logger for a complete list of JARs that were scanned but no TLDs were found in them. Skipping unneeded JARs during scanning can improve startup time and JSP compilation time.
20-Mar-2018 11:41:42.019 INFORMAZIONI [localhost-startStop-5] org.apache.catalina.startup.HostConfig.deployWAR Deployment of web application archive [C:\Users\Contrar18002\Desktop\ContraderNuovoCorso\SecondProject\ContraderFrameworkJSP\apache-tomcat-8.5.24\webapps\contrader.war] has finished in [1,662] ms
20-Mar-2018 12:40:13.414 INFORMAZIONI [ContainerBackgroundProcessor[StandardEngine[Catalina]]] org.apache.catalina.startup.HostConfig.undeploy Undeploying context [/contrader]
20-Mar-2018 12:40:13.643 INFORMAZIONI [localhost-startStop-6] org.apache.catalina.startup.HostConfig.deployWAR Deploying web application archive [C:\Users\Contrar18002\Desktop\ContraderNuovoCorso\SecondProject\ContraderFrameworkJSP\apache-tomcat-8.5.24\webapps\contrader.war]
20-Mar-2018 12:40:15.314 INFORMAZIONI [localhost-startStop-6] org.apache.jasper.servlet.TldScanner.scanJars At least one JAR was scanned for TLDs yet contained no TLDs. Enable debug logging for this logger for a complete list of JARs that were scanned but no TLDs were found in them. Skipping unneeded JARs during scanning can improve startup time and JSP compilation time.
20-Mar-2018 12:40:15.333 INFORMAZIONI [localhost-startStop-6] org.apache.catalina.startup.HostConfig.deployWAR Deployment of web application archive [C:\Users\Contrar18002\Desktop\ContraderNuovoCorso\SecondProject\ContraderFrameworkJSP\apache-tomcat-8.5.24\webapps\contrader.war] has finished in [1,690] ms
20-Mar-2018 12:41:15.384 INFORMAZIONI [ContainerBackgroundProcessor[StandardEngine[Catalina]]] org.apache.catalina.startup.HostConfig.undeploy Undeploying context [/contrader]
20-Mar-2018 12:41:15.524 INFORMAZIONI [localhost-startStop-7] org.apache.catalina.startup.HostConfig.deployWAR Deploying web application archive [C:\Users\Contrar18002\Desktop\ContraderNuovoCorso\SecondProject\ContraderFrameworkJSP\apache-tomcat-8.5.24\webapps\contrader.war]
20-Mar-2018 12:41:17.025 INFORMAZIONI [localhost-startStop-7] org.apache.jasper.servlet.TldScanner.scanJars At least one JAR was scanned for TLDs yet contained no TLDs. Enable debug logging for this logger for a complete list of JARs that were scanned but no TLDs were found in them. Skipping unneeded JARs during scanning can improve startup time and JSP compilation time.
20-Mar-2018 12:41:17.057 INFORMAZIONI [localhost-startStop-7] org.apache.catalina.startup.HostConfig.deployWAR Deployment of web application archive [C:\Users\Contrar18002\Desktop\ContraderNuovoCorso\SecondProject\ContraderFrameworkJSP\apache-tomcat-8.5.24\webapps\contrader.war] has finished in [1,533] ms
20-Mar-2018 12:44:17.207 INFORMAZIONI [ContainerBackgroundProcessor[StandardEngine[Catalina]]] org.apache.catalina.startup.HostConfig.undeploy Undeploying context [/contrader]
20-Mar-2018 12:44:17.351 INFORMAZIONI [localhost-startStop-8] org.apache.catalina.startup.HostConfig.deployWAR Deploying web application archive [C:\Users\Contrar18002\Desktop\ContraderNuovoCorso\SecondProject\ContraderFrameworkJSP\apache-tomcat-8.5.24\webapps\contrader.war]
20-Mar-2018 12:44:19.041 INFORMAZIONI [localhost-startStop-8] org.apache.jasper.servlet.TldScanner.scanJars At least one JAR was scanned for TLDs yet contained no TLDs. Enable debug logging for this logger for a complete list of JARs that were scanned but no TLDs were found in them. Skipping unneeded JARs during scanning can improve startup time and JSP compilation time.
20-Mar-2018 12:44:19.057 INFORMAZIONI [localhost-startStop-8] org.apache.catalina.startup.HostConfig.deployWAR Deployment of web application archive [C:\Users\Contrar18002\Desktop\ContraderNuovoCorso\SecondProject\ContraderFrameworkJSP\apache-tomcat-8.5.24\webapps\contrader.war] has finished in [1,706] ms
